2025-08-10 19:52:16 - Database connection successful.
2025-08-10 19:52:16 - Login attempt for email: admin11@gmail.com, User found: {"id":"2","username":"Admin User","email":"admin11@gmail.com","password":"shubh123"}
2025-08-10 19:52:16 - Login failed for admin11@gmail.com
2025-08-10 19:52:16 - Login attempt: email=admin11@gmail.com, password=shubh123, user=false
2025-08-10 19:52:24 - Database connection successful.
2025-08-10 19:52:24 - Login attempt for email: admin@gmail.com, User found: false
2025-08-10 19:52:24 - Login failed for admin@gmail.com
2025-08-10 19:52:24 - Login attempt: email=admin@gmail.com, password=shubh123, user=false
2025-08-10 19:52:53 - Database connection successful.
2025-08-10 19:52:53 - Login attempt for email: admin@gmail.com, User found: false
2025-08-10 19:52:53 - Login failed for admin@gmail.com
2025-08-10 19:52:53 - Login attempt: email=admin@gmail.com, password=admin123, user=false
2025-08-10 19:56:39 - Database connection successful.
2025-08-10 19:56:39 - Login attempt: email=admin@gmail.com, password=admin123
2025-08-10 19:56:47 - Database connection successful.
2025-08-10 19:56:47 - Login attempt: email=admin@gmail.com, password=admin123
2025-08-10 19:57:08 - Database connection successful.
2025-08-10 19:57:08 - Login attempt: email=admin@gmail.com, password=shubh123
2025-08-10 19:57:08 - Database connection successful.
2025-08-10 19:57:36 - Database connection successful.
2025-08-10 19:57:52 - Database connection successful.
2025-08-10 19:58:36 - Database connection successful.
2025-08-10 20:09:14 - Database connection successful.
2025-08-10 20:27:59 - Database connection successful.
2025-08-11 03:25:30 - Database connection successful.
2025-08-11 03:25:30 - Database connection successful.
2025-08-11 03:25:39 - Database connection successful.
2025-08-11 03:25:39 - Login attempt: email=admin@gmail.com, password=shubh123
2025-08-11 03:25:39 - Database connection successful.
2025-08-11 03:38:48 - Database connection successful.
2025-08-11 03:45:44 - Database connection successful.
2025-08-11 03:45:54 - Database connection successful.
2025-08-11 03:46:17 - Database connection successful.
2025-08-11 03:56:05 - Database connection successful.
2025-08-11 03:57:00 - Database connection successful.
2025-08-11 04:00:29 - Database connection successful.
2025-08-11 04:06:51 - Database connection successful.
2025-08-11 04:09:00 - Database connection successful.
2025-08-11 04:09:13 - Database connection successful.
2025-08-11 04:09:13 - Database connection successful.
2025-08-11 06:29:37 - Database connection successful.
2025-08-11 06:29:44 - Database connection successful.
2025-08-11 06:29:44 - Database connection successful.
2025-08-11 06:29:56 - Database connection successful.
2025-08-11 06:29:56 - Login attempt: email=admin@gmail.com, password=shubh123
2025-08-11 06:29:56 - Database connection successful.
2025-08-11 06:46:50 - Database connection successful.
2025-08-11 06:51:05 - Database connection successful.
2025-08-11 06:51:56 - Database connection successful.
2025-08-11 16:11:42 - Database connection successful.
2025-08-11 16:11:42 - Database connection successful.
2025-08-11 16:11:50 - Database connection successful.
2025-08-11 16:11:50 - Login attempt: email=admin@gmail.com, password=shubh123
2025-08-11 16:11:50 - Database connection successful.
2025-08-11 16:57:13 - Database connection successful.
2025-08-11 16:57:16 - Database connection successful.
2025-08-11 16:57:16 - Database connection successful.
2025-08-11 16:57:23 - Database connection successful.
2025-08-11 16:57:23 - Login attempt: email=admin@gmail.com, password=shubh123
2025-08-11 16:57:23 - Database connection successful.
2025-08-11 16:58:04 - Database connection successful.
2025-08-11 17:01:06 - Database connection successful.
2025-08-11 17:01:06 - Database connection successful.
2025-08-11 17:01:10 - Database connection successful.
2025-08-11 17:01:10 - Database connection successful.
2025-08-11 17:01:16 - Database connection successful.
2025-08-11 17:01:16 - Database connection successful.
2025-08-11 17:01:19 - Database connection successful.
2025-08-11 17:01:19 - Database connection successful.
2025-08-11 17:01:23 - Database connection successful.
2025-08-11 17:01:23 - Database connection successful.
2025-08-11 17:01:26 - Database connection successful.
2025-08-11 17:01:26 - Database connection successful.
2025-08-11 17:01:57 - Database connection successful.
2025-08-11 17:02:42 - Database connection successful.
2025-08-11 17:03:37 - Database connection successful.
2025-08-12 07:53:04 - Database connection successful.
2025-08-12 07:54:45 - Database connection successful.
2025-08-12 07:54:45 - Database connection successful.
2025-08-12 07:54:54 - Database connection successful.
2025-08-12 07:54:54 - Login attempt: email=admin@gmail.com, password=shubh123
2025-08-12 07:54:54 - Database connection successful.
2025-08-12 08:07:29 - Database connection successful.
2025-08-12 08:07:29 - Database connection successful.
2025-08-12 08:07:45 - Database connection successful.
2025-08-12 08:07:45 - Login attempt: email=admin@gmail.com, password=shubh123
2025-08-12 08:07:45 - Database connection successful.
2025-08-12 08:08:54 - Database connection successful.
2025-08-12 08:09:17 - Database connection successful.
2025-08-12 08:09:17 - Database connection successful.
2025-08-12 08:10:07 - Database connection successful.
2025-08-12 08:10:08 - Database connection successful.
2025-08-12 10:55:41 - Database connection successful.
2025-08-12 10:55:41 - Database connection successful.
2025-08-12 10:55:48 - Database connection successful.
2025-08-12 10:55:48 - Login attempt: email=admin@gmail.com, password=shubh123
2025-08-12 10:55:48 - Database connection successful.
2025-08-18 06:26:24 - Database connection successful.
2025-08-18 06:26:24 - Database connection successful.
2025-08-18 06:26:36 - Database connection successful.
2025-08-18 06:26:36 - Login attempt: email=admin@gmail.com, password=shubh
2025-08-18 06:26:43 - Database connection successful.
2025-08-18 06:26:43 - Login attempt: email=admin@gmail.com, password=admin
2025-08-18 06:26:50 - Database connection successful.
2025-08-18 06:26:50 - Login attempt: email=admin@gmail.com, password=shubh@123
2025-08-18 06:27:00 - Database connection successful.
2025-08-18 06:27:00 - Login attempt: email=admin11@gmail.com, password=shubh123
2025-08-18 06:27:31 - Database connection successful.
2025-08-18 06:27:31 - Login attempt: email=admin11@gmail.com, password=shubh123
2025-08-18 06:27:38 - Database connection successful.
2025-08-18 06:27:38 - Login attempt: email=admin11@gmail.com, password=shubh123
2025-08-18 06:27:48 - Database connection successful.
2025-08-18 06:27:48 - Login attempt: email=admin@gmail.com, password=admin123
2025-08-18 06:28:15 - Database connection successful.
2025-08-18 06:28:15 - Login attempt: email=admin@gmail.com, password=shubh123
2025-08-18 06:28:15 - Database connection successful.
2025-08-18 07:32:27 - Database connection successful.
2025-08-18 07:32:27 - Database connection successful.
2025-08-18 07:32:35 - Database connection successful.
2025-08-18 07:32:35 - Login attempt: email=admin@gmail.com, password=admin123
2025-08-18 07:32:40 - Database connection successful.
2025-08-18 07:32:40 - Login attempt: email=admin@gmail.com, password=shubh123
2025-08-18 07:32:40 - Database connection successful.
2025-08-18 07:32:43 - Database connection successful.
2025-08-18 07:39:44 - Database connection successful.
2025-08-18 07:42:57 - Database connection successful.
2025-08-18 07:52:36 - Database connection successful.
2025-08-18 07:52:36 - Error fetching orders: SQLSTATE[42S22]: Column not found: 1054 Unknown column 'u.name' in 'field list'
2025-08-18 07:52:37 - Database connection successful.
2025-08-18 07:52:37 - Error fetching orders: SQLSTATE[42S22]: Column not found: 1054 Unknown column 'u.name' in 'field list'
2025-08-18 07:52:39 - Database connection successful.
2025-08-18 07:52:39 - Error fetching orders: SQLSTATE[42S22]: Column not found: 1054 Unknown column 'u.name' in 'field list'
2025-08-18 07:52:55 - Database connection successful.
2025-08-18 07:52:55 - Error fetching orders: SQLSTATE[42S22]: Column not found: 1054 Unknown column 'u.name' in 'field list'
2025-08-18 07:55:59 - Database connection successful.
2025-08-18 07:55:59 - Error fetching orders: SQLSTATE[42S22]: Column not found: 1054 Unknown column 'u.name' in 'field list'
2025-08-18 07:56:02 - Database connection successful.
2025-08-18 07:56:02 - Error fetching orders: SQLSTATE[42S22]: Column not found: 1054 Unknown column 'u.name' in 'field list'
2025-08-18 07:56:03 - Database connection successful.
2025-08-18 07:56:03 - Error fetching orders: SQLSTATE[42S22]: Column not found: 1054 Unknown column 'u.name' in 'field list'
2025-08-18 07:56:12 - Database connection successful.
2025-08-18 07:56:12 - Error fetching orders: SQLSTATE[42S22]: Column not found: 1054 Unknown column 'u.name' in 'field list'
2025-08-18 07:57:39 - Database connection successful.
2025-08-18 07:57:39 - Error fetching orders: SQLSTATE[42S22]: Column not found: 1054 Unknown column 'u.name' in 'field list'
2025-08-18 07:57:41 - Database connection successful.
2025-08-18 07:57:41 - Error fetching orders: SQLSTATE[42S22]: Column not found: 1054 Unknown column 'u.name' in 'field list'
2025-08-18 08:00:35 - Database connection successful.
2025-08-18 08:00:35 - Error fetching orders: SQLSTATE[42S22]: Column not found: 1054 Unknown column 'u.name' in 'field list'
2025-08-18 08:00:40 - Database connection successful.
2025-08-18 08:00:40 - Error fetching orders: SQLSTATE[42S22]: Column not found: 1054 Unknown column 'u.name' in 'field list'
2025-08-18 08:02:04 - Database connection successful.
2025-08-18 08:02:04 - Error fetching orders: SQLSTATE[42S22]: Column not found: 1054 Unknown column 'u.name' in 'field list'
2025-08-18 08:05:56 - Database connection successful.
2025-08-18 08:05:56 - Database connection successful.
2025-08-18 08:07:39 - Database connection successful.
2025-08-18 08:07:40 - Database connection successful.
2025-08-18 08:08:37 - Database connection successful.
2025-08-18 08:08:37 - Database connection successful.
2025-08-18 08:08:37 - Database connection successful.
2025-08-18 08:09:56 - Database connection successful.
2025-08-18 08:09:56 - Database connection successful.
2025-08-18 08:09:56 - Database connection successful.
2025-08-18 08:09:56 - Database connection successful.
2025-08-18 08:09:57 - Database connection successful.
2025-08-18 08:09:57 - Database connection successful.
2025-08-18 08:09:57 - Database connection successful.
2025-08-18 08:09:57 - Database connection successful.
2025-08-18 08:10:08 - Database connection successful.
2025-08-18 08:10:15 - Database connection successful.
2025-08-18 08:10:15 - Error fetching orders: SQLSTATE[42S22]: Column not found: 1054 Unknown column 'u.name' in 'field list'
2025-08-18 08:24:56 - Database connection successful.
2025-08-18 08:24:56 - Database connection successful.
2025-08-18 08:25:03 - Database connection successful.
2025-08-18 08:25:03 - Login attempt: email=admin11@gmail.com, password=admin123
2025-08-18 08:25:08 - Database connection successful.
2025-08-18 08:25:08 - Login attempt: email=admin@gmail.com, password=shubh123
2025-08-18 08:25:08 - Database connection successful.
2025-08-18 08:25:08 - Error fetching orders: SQLSTATE[42S22]: Column not found: 1054 Unknown column 'u.name' in 'field list'
2025-08-18 08:25:47 - Database connection successful.
2025-08-18 08:25:47 - Error fetching orders: SQLSTATE[42S22]: Column not found: 1054 Unknown column 'u.name' in 'field list'
2025-08-18 08:26:10 - Database connection successful.
2025-08-18 08:26:10 - Database connection successful.
2025-08-18 08:26:10 - Error fetching orders: SQLSTATE[42S22]: Column not found: 1054 Unknown column 'u.name' in 'field list'
2025-08-18 08:26:25 - Database connection successful.
2025-08-18 08:26:25 - Database connection successful.
2025-08-18 08:26:25 - Error fetching orders: SQLSTATE[42S22]: Column not found: 1054 Unknown column 'u.name' in 'field list'
2025-08-18 08:26:31 - Database connection successful.
2025-08-18 08:26:31 - Database connection successful.
2025-08-18 08:26:31 - Error fetching orders: SQLSTATE[42S22]: Column not found: 1054 Unknown column 'u.name' in 'field list'
2025-08-18 08:26:54 - Database connection successful.
2025-08-18 08:26:54 - Error fetching orders: SQLSTATE[42S22]: Column not found: 1054 Unknown column 'u.name' in 'field list'
2025-08-18 08:27:36 - Database connection successful.
2025-08-18 08:27:36 - Database connection successful.
2025-08-19 05:05:52 - Database connection successful.
2025-08-19 05:05:52 - Database connection successful.
2025-08-19 05:05:59 - Database connection successful.
2025-08-19 05:05:59 - Login attempt: email=admin11@gmail.com, password=shubh123
2025-08-19 05:06:06 - Database connection successful.
2025-08-19 05:06:06 - Login attempt: email=admin@gmail.com, password=admin123
2025-08-19 05:06:12 - Database connection successful.
2025-08-19 05:06:12 - Login attempt: email=admin@gmail.com, password=shubh123
2025-08-19 05:06:12 - Database connection successful.
2025-08-19 05:06:12 - Error fetching orders: SQLSTATE[42S22]: Column not found: 1054 Unknown column 'u.name' in 'field list'
2025-08-19 05:11:11 - Database connection successful.
2025-08-19 05:11:11 - Error fetching orders: SQLSTATE[42S22]: Column not found: 1054 Unknown column 'u.name' in 'field list'
2025-08-19 05:11:57 - Database connection successful.
2025-08-19 05:11:57 - Error fetching orders: SQLSTATE[42S22]: Column not found: 1054 Unknown column 'u.name' in 'field list'
2025-08-19 05:13:00 - Database connection successful.
2025-08-19 05:13:00 - Error fetching orders: SQLSTATE[42S22]: Column not found: 1054 Unknown column 'u.name' in 'field list'
2025-08-19 05:13:14 - Database connection successful.
2025-08-19 05:13:14 - Error fetching orders: SQLSTATE[42S22]: Column not found: 1054 Unknown column 'u.name' in 'field list'
2025-08-19 05:19:41 - Database connection successful.
2025-08-19 05:19:41 - Error fetching orders: SQLSTATE[42S22]: Column not found: 1054 Unknown column 'o.user_id' in 'on clause'
2025-08-19 05:20:14 - Database connection successful.
2025-08-19 05:20:14 - Error fetching orders: SQLSTATE[42S22]: Column not found: 1054 Unknown column 'o.user_id' in 'on clause'
2025-08-19 05:24:34 - Database connection successful.
2025-08-19 05:24:34 - Database connection successful.
2025-08-19 05:24:34 - Database connection successful.
2025-08-19 05:24:34 - Database connection successful.
2025-08-19 05:24:45 - Database connection successful.
2025-08-19 05:24:45 - Login attempt: email=santokishubh82@gamil.com, password=shubh123
2025-08-19 05:24:52 - Database connection successful.
2025-08-19 05:24:52 - Login attempt: email=admin@gmail.com, password=shubh123
2025-08-19 05:24:52 - Database connection successful.
2025-08-19 05:24:52 - Error fetching orders: SQLSTATE[42S22]: Column not found: 1054 Unknown column 'o.user_id' in 'on clause'
2025-08-19 05:25:01 - Database connection successful.
2025-08-19 05:25:01 - Database connection successful.
2025-08-19 05:25:01 - Error fetching orders: SQLSTATE[42S22]: Column not found: 1054 Unknown column 'o.user_id' in 'on clause'
2025-08-19 05:25:36 - Database connection successful.
2025-08-19 05:25:36 - Error fetching orders: SQLSTATE[42S22]: Column not found: 1054 Unknown column 'o.user_id' in 'on clause'
2025-08-19 05:25:59 - Database connection successful.
2025-08-19 05:25:59 - Database connection successful.
2025-08-19 05:25:59 - Error fetching orders: SQLSTATE[42S22]: Column not found: 1054 Unknown column 'o.user_id' in 'on clause'
2025-08-19 05:26:09 - Database connection successful.
2025-08-19 05:26:09 - Database connection successful.
2025-08-19 05:26:19 - Database connection successful.
2025-08-19 05:26:19 - Login attempt: email=shubh@gmail.com, password=shubh123
2025-08-19 05:26:47 - Database connection successful.
2025-08-19 05:26:47 - Login attempt: email=admin@gmail.com, password=shubh123
2025-08-19 05:26:47 - Database connection successful.
2025-08-19 05:26:47 - Error fetching orders: SQLSTATE[42S22]: Column not found: 1054 Unknown column 'o.user_id' in 'on clause'
2025-08-19 09:44:56 - Login attempt: email=admin@gmail.com, password=shubh123
2025-08-19 17:25:18 - Login attempt: email=admin@gmail.com, password=shubh123
2025-08-20 06:58:11 - Login attempt: email=admin@gmail.com, password=shubh123
2025-08-20 08:43:34 - Login attempt: email=admin@gmail.com, password=shubh123
2025-08-21 07:33:46 - Login attempt: email=admin@gmail.com, password=shubh123
2025-08-21 07:35:42 - Database connection successful.
2025-08-21 07:40:15 - Database connection successful.
2025-08-21 07:42:47 - Database connection successful.
2025-08-21 07:45:06 - Database connection successful.
2025-08-21 07:45:16 - Database connection successful.
2025-08-21 09:45:38 - Database connection successful.
2025-08-21 09:45:38 - Database connection successful.
2025-08-21 09:45:45 - Database connection successful.
2025-08-21 09:45:45 - Login attempt: email=admin@gmail.com, password=shubh123
2025-08-21 09:45:45 - Database connection successful.
2025-08-22 07:07:12 - Database connection successful.
2025-08-22 07:07:12 - Database connection successful.
2025-08-22 07:07:25 - Database connection successful.
2025-08-22 07:07:25 - Login attempt: email=admin@gmail.com, password=shubh123
2025-08-22 07:07:25 - Database connection successful.
2025-08-22 10:38:55 - Database connection successful.
2025-08-22 10:38:55 - Database connection successful.
2025-08-22 10:39:10 - Database connection successful.
2025-08-22 10:39:10 - Login attempt: email=admin@gmail.com, password=shubh
2025-08-22 10:39:15 - Database connection successful.
2025-08-22 10:39:15 - Login attempt: email=admin@gmail.com, password=shubh
2025-08-22 10:39:24 - Database connection successful.
2025-08-22 10:39:24 - Login attempt: email=admin@gmail.com, password=shubh
2025-08-22 10:39:32 - Database connection successful.
2025-08-22 10:39:32 - Login attempt: email=admin@gmail.com, password=shubh
2025-08-22 10:39:45 - Database connection successful.
2025-08-22 10:39:45 - Login attempt: email=admin@gmail.com, password=shubh
2025-08-22 10:40:28 - Database connection successful.
2025-08-22 10:40:28 - Login attempt: email=admin@gmail.com, password=admin
2025-08-22 10:40:43 - Database connection successful.
2025-08-22 10:40:43 - Login attempt: email=admin11@gmail.com, password=shubh
2025-08-22 10:40:59 - Database connection successful.
2025-08-22 10:40:59 - Login attempt: email=admin@gmail.com, password=shubh123
2025-08-22 10:40:59 - Database connection successful.
2025-08-22 10:50:09 - Database connection successful.
2025-08-22 10:57:48 - Database connection successful.
2025-08-22 10:57:48 - Database connection successful.
2025-08-22 10:57:57 - Database connection successful.
2025-08-22 10:57:57 - Login attempt: email=admin@gmail.com, password=shubh123
2025-08-22 10:57:57 - Database connection successful.
2025-08-22 10:58:17 - Database connection successful.
2025-08-22 10:59:13 - Database connection successful.
2025-08-22 10:59:28 - Database connection successful.
2025-08-22 10:59:28 - Database connection successful.
2025-08-22 11:00:51 - Database connection successful.
2025-08-22 11:00:51 - Database connection successful.
2025-08-22 11:01:13 - Database connection successful.
2025-08-22 11:01:34 - Database connection successful.
2025-08-22 11:02:36 - Database connection successful.
2025-08-22 11:03:38 - Database connection successful.
